0.0.1-A (Alpha 1) 3/30/2023 M/D/Y
Test build
-Added:
1 rank for testing purposes and to learn
1 script for debugging purposes

0.0.2-A 3/30/2023
Test build
-Added:
More early game ranks

0.0.3-A 3/30/2023
Test build
-Changed:
Game name from IMR-Extras to IMR: Extended
Some effects are now softcapped
-Added:
More ranks
More tiers
-Fixed:
Possible NaN offline loop load because of overpowered effects (Thanks MrSeederShark17)

0.0.4-A 3/30/2023
Test build
-Changed:
Balanced some rank effects
Cleaned some rank and tier descriptions formulas
-Added:
More ranks & tiers
-Fixed:
Because of me adding some (or alot) of ranks, their cost skyrocketed and i needed to make some of them stronger (to not get some HUGE timewalls)
Rank 80 NaNed Rage Power gain
-Removed:
Some irrelevant ranks

0.0.5-A 3/31/2023
Test Build
-Changed:
README.md
Modified rank 8 effect to be x/10 instead of x/100
-Added:
Tier 13